                                      1 ;--------------------------------------------------------
                                      2 ; File Created by SDCC : free open source ISO C Compiler 
                                      3 ; Version 4.3.2 #14362 (MINGW64)
                                      4 ;--------------------------------------------------------
                                      5 	.module oled_i2c
                                      6 	.optsdcc -mmcs51 --model-small
                                      7 	
                                      8 ;--------------------------------------------------------
                                      9 ; Public variables in this module
                                     10 ;--------------------------------------------------------
                                     11 	.globl _OledFontTable
                                     12 	.globl _Single_WriteI2C
                                     13 	.globl _CY
                                     14 	.globl _AC
                                     15 	.globl _F0
                                     16 	.globl _RS1
                                     17 	.globl _RS0
                                     18 	.globl _OV
                                     19 	.globl _F1
                                     20 	.globl _P
                                     21 	.globl _PS
                                     22 	.globl _PT1
                                     23 	.globl _PX1
                                     24 	.globl _PT0
                                     25 	.globl _PX0
                                     26 	.globl _RD
                                     27 	.globl _WR
                                     28 	.globl _T1
                                     29 	.globl _T0
                                     30 	.globl _INT1
                                     31 	.globl _INT0
                                     32 	.globl _TXD
                                     33 	.globl _RXD
                                     34 	.globl _P3_7
                                     35 	.globl _P3_6
                                     36 	.globl _P3_5
                                     37 	.globl _P3_4
                                     38 	.globl _P3_3
                                     39 	.globl _P3_2
                                     40 	.globl _P3_1
                                     41 	.globl _P3_0
                                     42 	.globl _EA
                                     43 	.globl _ES
                                     44 	.globl _ET1
                                     45 	.globl _EX1
                                     46 	.globl _ET0
                                     47 	.globl _EX0
                                     48 	.globl _P2_7
                                     49 	.globl _P2_6
                                     50 	.globl _P2_5
                                     51 	.globl _P2_4
                                     52 	.globl _P2_3
                                     53 	.globl _P2_2
                                     54 	.globl _P2_1
                                     55 	.globl _P2_0
                                     56 	.globl _SM0
                                     57 	.globl _SM1
                                     58 	.globl _SM2
                                     59 	.globl _REN
                                     60 	.globl _TB8
                                     61 	.globl _RB8
                                     62 	.globl _TI
                                     63 	.globl _RI
                                     64 	.globl _P1_7
                                     65 	.globl _P1_6
                                     66 	.globl _P1_5
                                     67 	.globl _P1_4
                                     68 	.globl _P1_3
                                     69 	.globl _P1_2
                                     70 	.globl _P1_1
                                     71 	.globl _P1_0
                                     72 	.globl _TF1
                                     73 	.globl _TR1
                                     74 	.globl _TF0
                                     75 	.globl _TR0
                                     76 	.globl _IE1
                                     77 	.globl _IT1
                                     78 	.globl _IE0
                                     79 	.globl _IT0
                                     80 	.globl _P0_7
                                     81 	.globl _P0_6
                                     82 	.globl _P0_5
                                     83 	.globl _P0_4
                                     84 	.globl _P0_3
                                     85 	.globl _P0_2
                                     86 	.globl _P0_1
                                     87 	.globl _P0_0
                                     88 	.globl _B
                                     89 	.globl _ACC
                                     90 	.globl _PSW
                                     91 	.globl _IP
                                     92 	.globl _P3
                                     93 	.globl _IE
                                     94 	.globl _P2
                                     95 	.globl _SBUF
                                     96 	.globl _SCON
                                     97 	.globl _P1
                                     98 	.globl _TH1
                                     99 	.globl _TH0
                                    100 	.globl _TL1
                                    101 	.globl _TL0
                                    102 	.globl _TMOD
                                    103 	.globl _TCON
                                    104 	.globl _PCON
                                    105 	.globl _DPH
                                    106 	.globl _DPL
                                    107 	.globl _SP
                                    108 	.globl _P0
                                    109 	.globl _OLED_SetCursor_PARM_2
                                    110 	.globl _OLED_Init
                                    111 	.globl _OLED_DisplayChar
                                    112 	.globl _OLED_DisplayString
                                    113 	.globl _OLED_Clear
                                    114 	.globl _OLED_SetCursor
                                    115 	.globl _oledSendCommand
                                    116 	.globl _oledSendData
                                    117 ;--------------------------------------------------------
                                    118 ; special function registers
                                    119 ;--------------------------------------------------------
                                    120 	.area RSEG    (ABS,DATA)
      000000                        121 	.org 0x0000
                           000080   122 _P0	=	0x0080
                           000081   123 _SP	=	0x0081
                           000082   124 _DPL	=	0x0082
                           000083   125 _DPH	=	0x0083
                           000087   126 _PCON	=	0x0087
                           000088   127 _TCON	=	0x0088
                           000089   128 _TMOD	=	0x0089
                           00008A   129 _TL0	=	0x008a
                           00008B   130 _TL1	=	0x008b
                           00008C   131 _TH0	=	0x008c
                           00008D   132 _TH1	=	0x008d
                           000090   133 _P1	=	0x0090
                           000098   134 _SCON	=	0x0098
                           000099   135 _SBUF	=	0x0099
                           0000A0   136 _P2	=	0x00a0
                           0000A8   137 _IE	=	0x00a8
                           0000B0   138 _P3	=	0x00b0
                           0000B8   139 _IP	=	0x00b8
                           0000D0   140 _PSW	=	0x00d0
                           0000E0   141 _ACC	=	0x00e0
                           0000F0   142 _B	=	0x00f0
                                    143 ;--------------------------------------------------------
                                    144 ; special function bits
                                    145 ;--------------------------------------------------------
                                    146 	.area RSEG    (ABS,DATA)
      000000                        147 	.org 0x0000
                           000080   148 _P0_0	=	0x0080
                           000081   149 _P0_1	=	0x0081
                           000082   150 _P0_2	=	0x0082
                           000083   151 _P0_3	=	0x0083
                           000084   152 _P0_4	=	0x0084
                           000085   153 _P0_5	=	0x0085
                           000086   154 _P0_6	=	0x0086
                           000087   155 _P0_7	=	0x0087
                           000088   156 _IT0	=	0x0088
                           000089   157 _IE0	=	0x0089
                           00008A   158 _IT1	=	0x008a
                           00008B   159 _IE1	=	0x008b
                           00008C   160 _TR0	=	0x008c
                           00008D   161 _TF0	=	0x008d
                           00008E   162 _TR1	=	0x008e
                           00008F   163 _TF1	=	0x008f
                           000090   164 _P1_0	=	0x0090
                           000091   165 _P1_1	=	0x0091
                           000092   166 _P1_2	=	0x0092
                           000093   167 _P1_3	=	0x0093
                           000094   168 _P1_4	=	0x0094
                           000095   169 _P1_5	=	0x0095
                           000096   170 _P1_6	=	0x0096
                           000097   171 _P1_7	=	0x0097
                           000098   172 _RI	=	0x0098
                           000099   173 _TI	=	0x0099
                           00009A   174 _RB8	=	0x009a
                           00009B   175 _TB8	=	0x009b
                           00009C   176 _REN	=	0x009c
                           00009D   177 _SM2	=	0x009d
                           00009E   178 _SM1	=	0x009e
                           00009F   179 _SM0	=	0x009f
                           0000A0   180 _P2_0	=	0x00a0
                           0000A1   181 _P2_1	=	0x00a1
                           0000A2   182 _P2_2	=	0x00a2
                           0000A3   183 _P2_3	=	0x00a3
                           0000A4   184 _P2_4	=	0x00a4
                           0000A5   185 _P2_5	=	0x00a5
                           0000A6   186 _P2_6	=	0x00a6
                           0000A7   187 _P2_7	=	0x00a7
                           0000A8   188 _EX0	=	0x00a8
                           0000A9   189 _ET0	=	0x00a9
                           0000AA   190 _EX1	=	0x00aa
                           0000AB   191 _ET1	=	0x00ab
                           0000AC   192 _ES	=	0x00ac
                           0000AF   193 _EA	=	0x00af
                           0000B0   194 _P3_0	=	0x00b0
                           0000B1   195 _P3_1	=	0x00b1
                           0000B2   196 _P3_2	=	0x00b2
                           0000B3   197 _P3_3	=	0x00b3
                           0000B4   198 _P3_4	=	0x00b4
                           0000B5   199 _P3_5	=	0x00b5
                           0000B6   200 _P3_6	=	0x00b6
                           0000B7   201 _P3_7	=	0x00b7
                           0000B0   202 _RXD	=	0x00b0
                           0000B1   203 _TXD	=	0x00b1
                           0000B2   204 _INT0	=	0x00b2
                           0000B3   205 _INT1	=	0x00b3
                           0000B4   206 _T0	=	0x00b4
                           0000B5   207 _T1	=	0x00b5
                           0000B6   208 _WR	=	0x00b6
                           0000B7   209 _RD	=	0x00b7
                           0000B8   210 _PX0	=	0x00b8
                           0000B9   211 _PT0	=	0x00b9
                           0000BA   212 _PX1	=	0x00ba
                           0000BB   213 _PT1	=	0x00bb
                           0000BC   214 _PS	=	0x00bc
                           0000D0   215 _P	=	0x00d0
                           0000D1   216 _F1	=	0x00d1
                           0000D2   217 _OV	=	0x00d2
                           0000D3   218 _RS0	=	0x00d3
                           0000D4   219 _RS1	=	0x00d4
                           0000D5   220 _F0	=	0x00d5
                           0000D6   221 _AC	=	0x00d6
                           0000D7   222 _CY	=	0x00d7
                                    223 ;--------------------------------------------------------
                                    224 ; overlayable register banks
                                    225 ;--------------------------------------------------------
                                    226 	.area REG_BANK_0	(REL,OVR,DATA)
      000000                        227 	.ds 8
                                    228 ;--------------------------------------------------------
                                    229 ; internal ram data
                                    230 ;--------------------------------------------------------
                                    231 	.area DSEG    (DATA)
      000000                        232 _OLED_SetCursor_PARM_2:
      000000                        233 	.ds 1
                                    234 ;--------------------------------------------------------
                                    235 ; overlayable items in internal ram
                                    236 ;--------------------------------------------------------
                                    237 ;--------------------------------------------------------
                                    238 ; indirectly addressable internal ram data
                                    239 ;--------------------------------------------------------
                                    240 	.area ISEG    (DATA)
                                    241 ;--------------------------------------------------------
                                    242 ; absolute internal ram data
                                    243 ;--------------------------------------------------------
                                    244 	.area IABS    (ABS,DATA)
                                    245 	.area IABS    (ABS,DATA)
                                    246 ;--------------------------------------------------------
                                    247 ; bit data
                                    248 ;--------------------------------------------------------
                                    249 	.area BSEG    (BIT)
                                    250 ;--------------------------------------------------------
                                    251 ; paged external ram data
                                    252 ;--------------------------------------------------------
                                    253 	.area PSEG    (PAG,XDATA)
                                    254 ;--------------------------------------------------------
                                    255 ; uninitialized external ram data
                                    256 ;--------------------------------------------------------
                                    257 	.area XSEG    (XDATA)
                                    258 ;--------------------------------------------------------
                                    259 ; absolute external ram data
                                    260 ;--------------------------------------------------------
                                    261 	.area XABS    (ABS,XDATA)
                                    262 ;--------------------------------------------------------
                                    263 ; initialized external ram data
                                    264 ;--------------------------------------------------------
                                    265 	.area XISEG   (XDATA)
                                    266 	.area HOME    (CODE)
                                    267 	.area GSINIT0 (CODE)
                                    268 	.area GSINIT1 (CODE)
                                    269 	.area GSINIT2 (CODE)
                                    270 	.area GSINIT3 (CODE)
                                    271 	.area GSINIT4 (CODE)
                                    272 	.area GSINIT5 (CODE)
                                    273 	.area GSINIT  (CODE)
                                    274 	.area GSFINAL (CODE)
                                    275 	.area CSEG    (CODE)
                                    276 ;--------------------------------------------------------
                                    277 ; global & static initialisations
                                    278 ;--------------------------------------------------------
                                    279 	.area HOME    (CODE)
                                    280 	.area GSINIT  (CODE)
                                    281 	.area GSFINAL (CODE)
                                    282 	.area GSINIT  (CODE)
                                    283 ;--------------------------------------------------------
                                    284 ; Home
                                    285 ;--------------------------------------------------------
                                    286 	.area HOME    (CODE)
                                    287 	.area HOME    (CODE)
                                    288 ;--------------------------------------------------------
                                    289 ; code
                                    290 ;--------------------------------------------------------
                                    291 	.area CSEG    (CODE)
                                    292 ;------------------------------------------------------------
                                    293 ;Allocation info for local variables in function 'OLED_Init'
                                    294 ;------------------------------------------------------------
                                    295 ;	./src/oled_i2c.c:17: void OLED_Init(void)
                                    296 ;	-----------------------------------------
                                    297 ;	 function OLED_Init
                                    298 ;	-----------------------------------------
      000000                        299 _OLED_Init:
                           000007   300 	ar7 = 0x07
                           000006   301 	ar6 = 0x06
                           000005   302 	ar5 = 0x05
                           000004   303 	ar4 = 0x04
                           000003   304 	ar3 = 0x03
                           000002   305 	ar2 = 0x02
                           000001   306 	ar1 = 0x01
                           000000   307 	ar0 = 0x00
                                    308 ;	./src/oled_i2c.c:19: oledSendCommand(0xa8); // Set MUX Ratio
      000000 75 82 A8         [24]  309 	mov	dpl,#0xa8
      000003 12r01r46         [24]  310 	lcall	_oledSendCommand
                                    311 ;	./src/oled_i2c.c:20: oledSendCommand(0x3f);
      000006 75 82 3F         [24]  312 	mov	dpl,#0x3f
      000009 12r01r46         [24]  313 	lcall	_oledSendCommand
                                    314 ;	./src/oled_i2c.c:21: oledSendCommand(0xd3); // Set Display Offset
      00000C 75 82 D3         [24]  315 	mov	dpl,#0xd3
      00000F 12r01r46         [24]  316 	lcall	_oledSendCommand
                                    317 ;	./src/oled_i2c.c:22: oledSendCommand(0x00);
      000012 75 82 00         [24]  318 	mov	dpl,#0x00
      000015 12r01r46         [24]  319 	lcall	_oledSendCommand
                                    320 ;	./src/oled_i2c.c:23: oledSendCommand(0x40); // Set Display Start Line
      000018 75 82 40         [24]  321 	mov	dpl,#0x40
      00001B 12r01r46         [24]  322 	lcall	_oledSendCommand
                                    323 ;	./src/oled_i2c.c:24: oledSendCommand(0xa1); // Set Segment re-map A0h/A1h
      00001E 75 82 A1         [24]  324 	mov	dpl,#0xa1
      000021 12r01r46         [24]  325 	lcall	_oledSendCommand
                                    326 ;	./src/oled_i2c.c:25: oledSendCommand(0xc8); // Set COM OUTput
      000024 75 82 C8         [24]  327 	mov	dpl,#0xc8
      000027 12r01r46         [24]  328 	lcall	_oledSendCommand
                                    329 ;	./src/oled_i2c.c:26: oledSendCommand(0xda);
      00002A 75 82 DA         [24]  330 	mov	dpl,#0xda
      00002D 12r01r46         [24]  331 	lcall	_oledSendCommand
                                    332 ;	./src/oled_i2c.c:27: oledSendCommand(0x12);
      000030 75 82 12         [24]  333 	mov	dpl,#0x12
      000033 12r01r46         [24]  334 	lcall	_oledSendCommand
                                    335 ;	./src/oled_i2c.c:28: oledSendCommand(0x81);
      000036 75 82 81         [24]  336 	mov	dpl,#0x81
      000039 12r01r46         [24]  337 	lcall	_oledSendCommand
                                    338 ;	./src/oled_i2c.c:29: oledSendCommand(0x7f);
      00003C 75 82 7F         [24]  339 	mov	dpl,#0x7f
      00003F 12r01r46         [24]  340 	lcall	_oledSendCommand
                                    341 ;	./src/oled_i2c.c:30: oledSendCommand(0xa4);
      000042 75 82 A4         [24]  342 	mov	dpl,#0xa4
      000045 12r01r46         [24]  343 	lcall	_oledSendCommand
                                    344 ;	./src/oled_i2c.c:31: oledSendCommand(0xa6);
      000048 75 82 A6         [24]  345 	mov	dpl,#0xa6
      00004B 12r01r46         [24]  346 	lcall	_oledSendCommand
                                    347 ;	./src/oled_i2c.c:32: oledSendCommand(0xd5);
      00004E 75 82 D5         [24]  348 	mov	dpl,#0xd5
      000051 12r01r46         [24]  349 	lcall	_oledSendCommand
                                    350 ;	./src/oled_i2c.c:33: oledSendCommand(0x80);
      000054 75 82 80         [24]  351 	mov	dpl,#0x80
      000057 12r01r46         [24]  352 	lcall	_oledSendCommand
                                    353 ;	./src/oled_i2c.c:34: oledSendCommand(0x8d);
      00005A 75 82 8D         [24]  354 	mov	dpl,#0x8d
      00005D 12r01r46         [24]  355 	lcall	_oledSendCommand
                                    356 ;	./src/oled_i2c.c:35: oledSendCommand(0x14);
      000060 75 82 14         [24]  357 	mov	dpl,#0x14
      000063 12r01r46         [24]  358 	lcall	_oledSendCommand
                                    359 ;	./src/oled_i2c.c:36: oledSendCommand(0xaf);
      000066 75 82 AF         [24]  360 	mov	dpl,#0xaf
      000069 12r01r46         [24]  361 	lcall	_oledSendCommand
                                    362 ;	./src/oled_i2c.c:38: OLED_Clear(); // Clear the complete LCD during init
                                    363 ;	./src/oled_i2c.c:39: }
      00006C 02r00rEB         [24]  364 	ljmp	_OLED_Clear
                                    365 ;------------------------------------------------------------
                                    366 ;Allocation info for local variables in function 'OLED_DisplayChar'
                                    367 ;------------------------------------------------------------
                                    368 ;ch                        Allocated to registers r7 
                                    369 ;i                         Allocated to registers r5 
                                    370 ;index                     Allocated to registers r6 r7 
                                    371 ;------------------------------------------------------------
                                    372 ;	./src/oled_i2c.c:51: void OLED_DisplayChar(uint8_t ch)
                                    373 ;	-----------------------------------------
                                    374 ;	 function OLED_DisplayChar
                                    375 ;	-----------------------------------------
      00006F                        376 _OLED_DisplayChar:
      00006F AF 82            [24]  377 	mov	r7,dpl
                                    378 ;	./src/oled_i2c.c:56: if (ch != '\n')
      000071 BF 0A 01         [24]  379 	cjne	r7,#0x0a,00130$
      000074 22               [24]  380 	ret
      000075                        381 00130$:
                                    382 ;	./src/oled_i2c.c:58: index = (ch - 0x20);
      000075 7E 00            [12]  383 	mov	r6,#0x00
      000077 EF               [12]  384 	mov	a,r7
      000078 24 E0            [12]  385 	add	a,#0xe0
      00007A F5*00            [12]  386 	mov	__mulint_PARM_2,a
      00007C EE               [12]  387 	mov	a,r6
      00007D 34 FF            [12]  388 	addc	a,#0xff
      00007F F5*01            [12]  389 	mov	(__mulint_PARM_2 + 1),a
                                    390 ;	./src/oled_i2c.c:59: index = index * 5; // As the lookup table starts from Space(0x20)
                                    391 ;	./src/oled_i2c.c:61: for (i = 0; i < 5; i++)
      000081 90 00 05         [24]  392 	mov	dptr,#0x0005
      000084 12r00r00         [24]  393 	lcall	__mulint
      000087 AE 82            [24]  394 	mov	r6,dpl
      000089 AF 83            [24]  395 	mov	r7,dph
      00008B 7D 00            [12]  396 	mov	r5,#0x00
      00008D                        397 00104$:
                                    398 ;	./src/oled_i2c.c:62: oledSendData(OledFontTable[index + i]); /* Get the data to be displayed for LookUptable*/
      00008D 8D 03            [24]  399 	mov	ar3,r5
      00008F 7C 00            [12]  400 	mov	r4,#0x00
      000091 EB               [12]  401 	mov	a,r3
      000092 2E               [12]  402 	add	a,r6
      000093 FB               [12]  403 	mov	r3,a
      000094 EC               [12]  404 	mov	a,r4
      000095 3F               [12]  405 	addc	a,r7
      000096 FC               [12]  406 	mov	r4,a
      000097 EB               [12]  407 	mov	a,r3
      000098 24r00            [12]  408 	add	a,#_OledFontTable
      00009A F5 82            [12]  409 	mov	dpl,a
      00009C EC               [12]  410 	mov	a,r4
      00009D 34s00            [12]  411 	addc	a,#(_OledFontTable >> 8)
      00009F F5 83            [12]  412 	mov	dph,a
      0000A1 E4               [12]  413 	clr	a
      0000A2 93               [24]  414 	movc	a,@a+dptr
      0000A3 F5 82            [12]  415 	mov	dpl,a
      0000A5 C0 07            [24]  416 	push	ar7
      0000A7 C0 06            [24]  417 	push	ar6
      0000A9 C0 05            [24]  418 	push	ar5
      0000AB 12r01r52         [24]  419 	lcall	_oledSendData
      0000AE D0 05            [24]  420 	pop	ar5
      0000B0 D0 06            [24]  421 	pop	ar6
      0000B2 D0 07            [24]  422 	pop	ar7
                                    423 ;	./src/oled_i2c.c:61: for (i = 0; i < 5; i++)
      0000B4 0D               [12]  424 	inc	r5
      0000B5 BD 05 00         [24]  425 	cjne	r5,#0x05,00131$
      0000B8                        426 00131$:
      0000B8 40 D3            [24]  427 	jc	00104$
                                    428 ;	./src/oled_i2c.c:64: oledSendData(0x00); /* Display the data and keep track of cursor */
      0000BA 75 82 00         [24]  429 	mov	dpl,#0x00
                                    430 ;	./src/oled_i2c.c:66: }
      0000BD 02r01r52         [24]  431 	ljmp	_oledSendData
                                    432 ;------------------------------------------------------------
                                    433 ;Allocation info for local variables in function 'OLED_DisplayString'
                                    434 ;------------------------------------------------------------
                                    435 ;ptr                       Allocated to registers 
                                    436 ;------------------------------------------------------------
                                    437 ;	./src/oled_i2c.c:81: void OLED_DisplayString(uint8_t *ptr)
                                    438 ;	-----------------------------------------
                                    439 ;	 function OLED_DisplayString
                                    440 ;	-----------------------------------------
      0000C0                        441 _OLED_DisplayString:
      0000C0 AD 82            [24]  442 	mov	r5,dpl
      0000C2 AE 83            [24]  443 	mov	r6,dph
      0000C4 AF F0            [24]  444 	mov	r7,b
                                    445 ;	./src/oled_i2c.c:83: while (*ptr)
      0000C6                        446 00101$:
      0000C6 8D 82            [24]  447 	mov	dpl,r5
      0000C8 8E 83            [24]  448 	mov	dph,r6
      0000CA 8F F0            [24]  449 	mov	b,r7
      0000CC 12r00r00         [24]  450 	lcall	__gptrget
      0000CF FC               [12]  451 	mov	r4,a
      0000D0 60 18            [24]  452 	jz	00104$
                                    453 ;	./src/oled_i2c.c:84: OLED_DisplayChar(*ptr++);
      0000D2 8C 82            [24]  454 	mov	dpl,r4
      0000D4 0D               [12]  455 	inc	r5
      0000D5 BD 00 01         [24]  456 	cjne	r5,#0x00,00120$
      0000D8 0E               [12]  457 	inc	r6
      0000D9                        458 00120$:
      0000D9 C0 07            [24]  459 	push	ar7
      0000DB C0 06            [24]  460 	push	ar6
      0000DD C0 05            [24]  461 	push	ar5
      0000DF 12r00r6F         [24]  462 	lcall	_OLED_DisplayChar
      0000E2 D0 05            [24]  463 	pop	ar5
      0000E4 D0 06            [24]  464 	pop	ar6
      0000E6 D0 07            [24]  465 	pop	ar7
      0000E8 80 DC            [24]  466 	sjmp	00101$
      0000EA                        467 00104$:
                                    468 ;	./src/oled_i2c.c:85: }
      0000EA 22               [24]  469 	ret
                                    470 ;------------------------------------------------------------
                                    471 ;Allocation info for local variables in function 'OLED_Clear'
                                    472 ;------------------------------------------------------------
                                    473 ;oled_clean_col            Allocated to registers r6 
                                    474 ;oled_clean_page           Allocated to registers r7 
                                    475 ;------------------------------------------------------------
                                    476 ;	./src/oled_i2c.c:96: void OLED_Clear(void)
                                    477 ;	-----------------------------------------
                                    478 ;	 function OLED_Clear
                                    479 ;	-----------------------------------------
      0000EB                        480 _OLED_Clear:
                                    481 ;	./src/oled_i2c.c:99: for (oled_clean_page = 0; oled_clean_page < 8; oled_clean_page++)
      0000EB 7F 00            [12]  482 	mov	r7,#0x00
      0000ED                        483 00105$:
                                    484 ;	./src/oled_i2c.c:101: OLED_SetCursor(oled_clean_page, 0);
      0000ED 75*00 00         [24]  485 	mov	_OLED_SetCursor_PARM_2,#0x00
      0000F0 8F 82            [24]  486 	mov	dpl,r7
      0000F2 C0 07            [24]  487 	push	ar7
      0000F4 12r01r16         [24]  488 	lcall	_OLED_SetCursor
      0000F7 D0 07            [24]  489 	pop	ar7
                                    490 ;	./src/oled_i2c.c:102: for (oled_clean_col = 0; oled_clean_col < 128; oled_clean_col++)
      0000F9 7E 00            [12]  491 	mov	r6,#0x00
      0000FB                        492 00103$:
                                    493 ;	./src/oled_i2c.c:104: oledSendData(0);
      0000FB 75 82 00         [24]  494 	mov	dpl,#0x00
      0000FE C0 07            [24]  495 	push	ar7
      000100 C0 06            [24]  496 	push	ar6
      000102 12r01r52         [24]  497 	lcall	_oledSendData
      000105 D0 06            [24]  498 	pop	ar6
      000107 D0 07            [24]  499 	pop	ar7
                                    500 ;	./src/oled_i2c.c:102: for (oled_clean_col = 0; oled_clean_col < 128; oled_clean_col++)
      000109 0E               [12]  501 	inc	r6
      00010A BE 80 00         [24]  502 	cjne	r6,#0x80,00129$
      00010D                        503 00129$:
      00010D 40 EC            [24]  504 	jc	00103$
                                    505 ;	./src/oled_i2c.c:99: for (oled_clean_page = 0; oled_clean_page < 8; oled_clean_page++)
      00010F 0F               [12]  506 	inc	r7
      000110 BF 08 00         [24]  507 	cjne	r7,#0x08,00131$
      000113                        508 00131$:
      000113 40 D8            [24]  509 	jc	00105$
                                    510 ;	./src/oled_i2c.c:107: }
      000115 22               [24]  511 	ret
                                    512 ;------------------------------------------------------------
                                    513 ;Allocation info for local variables in function 'OLED_SetCursor'
                                    514 ;------------------------------------------------------------
                                    515 ;cursorPosition            Allocated with name '_OLED_SetCursor_PARM_2'
                                    516 ;lineNumber                Allocated to registers r7 
                                    517 ;------------------------------------------------------------
                                    518 ;	./src/oled_i2c.c:124: void OLED_SetCursor(uint8_t lineNumber, uint8_t cursorPosition)
                                    519 ;	-----------------------------------------
                                    520 ;	 function OLED_SetCursor
                                    521 ;	-----------------------------------------
      000116                        522 _OLED_SetCursor:
      000116 AF 82            [24]  523 	mov	r7,dpl
                                    524 ;	./src/oled_i2c.c:126: cursorPosition = cursorPosition + 2;
      000118 AE*00            [24]  525 	mov	r6,_OLED_SetCursor_PARM_2
      00011A 74 02            [12]  526 	mov	a,#0x02
      00011C 2E               [12]  527 	add	a,r6
      00011D F5*00            [12]  528 	mov	_OLED_SetCursor_PARM_2,a
                                    529 ;	./src/oled_i2c.c:127: oledSendCommand(0x0f & cursorPosition);        // Select SEG lower 4 bits
      00011F AE*00            [24]  530 	mov	r6,_OLED_SetCursor_PARM_2
      000121 74 0F            [12]  531 	mov	a,#0x0f
      000123 5E               [12]  532 	anl	a,r6
      000124 F5 82            [12]  533 	mov	dpl,a
      000126 C0 07            [24]  534 	push	ar7
      000128 C0 06            [24]  535 	push	ar6
      00012A 12r01r46         [24]  536 	lcall	_oledSendCommand
      00012D D0 06            [24]  537 	pop	ar6
                                    538 ;	./src/oled_i2c.c:128: oledSendCommand(0x10 | (cursorPosition >> 4)); // Select SEG higher 4 bits
      00012F EE               [12]  539 	mov	a,r6
      000130 C4               [12]  540 	swap	a
      000131 54 0F            [12]  541 	anl	a,#0x0f
      000133 FE               [12]  542 	mov	r6,a
      000134 74 10            [12]  543 	mov	a,#0x10
      000136 4E               [12]  544 	orl	a,r6
      000137 F5 82            [12]  545 	mov	dpl,a
      000139 12r01r46         [24]  546 	lcall	_oledSendCommand
      00013C D0 07            [24]  547 	pop	ar7
                                    548 ;	./src/oled_i2c.c:129: oledSendCommand(0xb0 | lineNumber);            // Select PAGE
      00013E 74 B0            [12]  549 	mov	a,#0xb0
      000140 4F               [12]  550 	orl	a,r7
      000141 F5 82            [12]  551 	mov	dpl,a
                                    552 ;	./src/oled_i2c.c:130: }
      000143 02r01r46         [24]  553 	ljmp	_oledSendCommand
                                    554 ;------------------------------------------------------------
                                    555 ;Allocation info for local variables in function 'oledSendCommand'
                                    556 ;------------------------------------------------------------
                                    557 ;cmd                       Allocated to registers 
                                    558 ;------------------------------------------------------------
                                    559 ;	./src/oled_i2c.c:135: void oledSendCommand(uint8_t cmd)
                                    560 ;	-----------------------------------------
                                    561 ;	 function oledSendCommand
                                    562 ;	-----------------------------------------
      000146                        563 _oledSendCommand:
      000146 85 82*00         [24]  564 	mov	_Single_WriteI2C_PARM_3,dpl
                                    565 ;	./src/oled_i2c.c:137: Single_WriteI2C(OLED_SlaveAddress, SSD1306_COMMAND, cmd);
      000149 75*00 00         [24]  566 	mov	_Single_WriteI2C_PARM_2,#0x00
      00014C 75 82 78         [24]  567 	mov	dpl,#0x78
                                    568 ;	./src/oled_i2c.c:138: }
      00014F 02r00r00         [24]  569 	ljmp	_Single_WriteI2C
                                    570 ;------------------------------------------------------------
                                    571 ;Allocation info for local variables in function 'oledSendData'
                                    572 ;------------------------------------------------------------
                                    573 ;cmd                       Allocated to registers 
                                    574 ;------------------------------------------------------------
                                    575 ;	./src/oled_i2c.c:140: void oledSendData(uint8_t cmd)
                                    576 ;	-----------------------------------------
                                    577 ;	 function oledSendData
                                    578 ;	-----------------------------------------
      000152                        579 _oledSendData:
      000152 85 82*00         [24]  580 	mov	_Single_WriteI2C_PARM_3,dpl
                                    581 ;	./src/oled_i2c.c:142: Single_WriteI2C(OLED_SlaveAddress, SSD1306_DATA_CONTINUE, cmd);
      000155 75*00 40         [24]  582 	mov	_Single_WriteI2C_PARM_2,#0x40
      000158 75 82 78         [24]  583 	mov	dpl,#0x78
                                    584 ;	./src/oled_i2c.c:143: }
      00015B 02r00r00         [24]  585 	ljmp	_Single_WriteI2C
                                    586 	.area CSEG    (CODE)
                                    587 	.area CONST   (CODE)
      000000                        588 _OledFontTable:
      000000 00                     589 	.db #0x00	; 0
      000001 00                     590 	.db #0x00	; 0
      000002 00                     591 	.db #0x00	; 0
      000003 00                     592 	.db #0x00	; 0
      000004 00                     593 	.db #0x00	; 0
      000005 00                     594 	.db #0x00	; 0
      000006 00                     595 	.db #0x00	; 0
      000007 2F                     596 	.db #0x2f	; 47
      000008 00                     597 	.db #0x00	; 0
      000009 00                     598 	.db #0x00	; 0
      00000A 00                     599 	.db #0x00	; 0
      00000B 07                     600 	.db #0x07	; 7
      00000C 00                     601 	.db #0x00	; 0
      00000D 07                     602 	.db #0x07	; 7
      00000E 00                     603 	.db #0x00	; 0
      00000F 14                     604 	.db #0x14	; 20
      000010 7F                     605 	.db #0x7f	; 127
      000011 14                     606 	.db #0x14	; 20
      000012 7F                     607 	.db #0x7f	; 127
      000013 14                     608 	.db #0x14	; 20
      000014 24                     609 	.db #0x24	; 36
      000015 2A                     610 	.db #0x2a	; 42
      000016 7F                     611 	.db #0x7f	; 127
      000017 2A                     612 	.db #0x2a	; 42
      000018 12                     613 	.db #0x12	; 18
      000019 23                     614 	.db #0x23	; 35
      00001A 13                     615 	.db #0x13	; 19
      00001B 08                     616 	.db #0x08	; 8
      00001C 64                     617 	.db #0x64	; 100	'd'
      00001D 62                     618 	.db #0x62	; 98	'b'
      00001E 36                     619 	.db #0x36	; 54	'6'
      00001F 49                     620 	.db #0x49	; 73	'I'
      000020 55                     621 	.db #0x55	; 85	'U'
      000021 22                     622 	.db #0x22	; 34
      000022 50                     623 	.db #0x50	; 80	'P'
      000023 00                     624 	.db #0x00	; 0
      000024 05                     625 	.db #0x05	; 5
      000025 03                     626 	.db #0x03	; 3
      000026 00                     627 	.db #0x00	; 0
      000027 00                     628 	.db #0x00	; 0
      000028 00                     629 	.db #0x00	; 0
      000029 1C                     630 	.db #0x1c	; 28
      00002A 22                     631 	.db #0x22	; 34
      00002B 41                     632 	.db #0x41	; 65	'A'
      00002C 00                     633 	.db #0x00	; 0
      00002D 00                     634 	.db #0x00	; 0
      00002E 41                     635 	.db #0x41	; 65	'A'
      00002F 22                     636 	.db #0x22	; 34
      000030 1C                     637 	.db #0x1c	; 28
      000031 00                     638 	.db #0x00	; 0
      000032 14                     639 	.db #0x14	; 20
      000033 08                     640 	.db #0x08	; 8
      000034 3E                     641 	.db #0x3e	; 62
      000035 08                     642 	.db #0x08	; 8
      000036 14                     643 	.db #0x14	; 20
      000037 08                     644 	.db #0x08	; 8
      000038 08                     645 	.db #0x08	; 8
      000039 3E                     646 	.db #0x3e	; 62
      00003A 08                     647 	.db #0x08	; 8
      00003B 08                     648 	.db #0x08	; 8
      00003C 00                     649 	.db #0x00	; 0
      00003D 00                     650 	.db #0x00	; 0
      00003E A0                     651 	.db #0xa0	; 160
      00003F 60                     652 	.db #0x60	; 96
      000040 00                     653 	.db #0x00	; 0
      000041 08                     654 	.db #0x08	; 8
      000042 08                     655 	.db #0x08	; 8
      000043 08                     656 	.db #0x08	; 8
      000044 08                     657 	.db #0x08	; 8
      000045 08                     658 	.db #0x08	; 8
      000046 00                     659 	.db #0x00	; 0
      000047 60                     660 	.db #0x60	; 96
      000048 60                     661 	.db #0x60	; 96
      000049 00                     662 	.db #0x00	; 0
      00004A 00                     663 	.db #0x00	; 0
      00004B 20                     664 	.db #0x20	; 32
      00004C 10                     665 	.db #0x10	; 16
      00004D 08                     666 	.db #0x08	; 8
      00004E 04                     667 	.db #0x04	; 4
      00004F 02                     668 	.db #0x02	; 2
      000050 3E                     669 	.db #0x3e	; 62
      000051 51                     670 	.db #0x51	; 81	'Q'
      000052 49                     671 	.db #0x49	; 73	'I'
      000053 45                     672 	.db #0x45	; 69	'E'
      000054 3E                     673 	.db #0x3e	; 62
      000055 00                     674 	.db #0x00	; 0
      000056 42                     675 	.db #0x42	; 66	'B'
      000057 7F                     676 	.db #0x7f	; 127
      000058 40                     677 	.db #0x40	; 64
      000059 00                     678 	.db #0x00	; 0
      00005A 42                     679 	.db #0x42	; 66	'B'
      00005B 61                     680 	.db #0x61	; 97	'a'
      00005C 51                     681 	.db #0x51	; 81	'Q'
      00005D 49                     682 	.db #0x49	; 73	'I'
      00005E 46                     683 	.db #0x46	; 70	'F'
      00005F 21                     684 	.db #0x21	; 33
      000060 41                     685 	.db #0x41	; 65	'A'
      000061 45                     686 	.db #0x45	; 69	'E'
      000062 4B                     687 	.db #0x4b	; 75	'K'
      000063 31                     688 	.db #0x31	; 49	'1'
      000064 18                     689 	.db #0x18	; 24
      000065 14                     690 	.db #0x14	; 20
      000066 12                     691 	.db #0x12	; 18
      000067 7F                     692 	.db #0x7f	; 127
      000068 10                     693 	.db #0x10	; 16
      000069 27                     694 	.db #0x27	; 39
      00006A 45                     695 	.db #0x45	; 69	'E'
      00006B 45                     696 	.db #0x45	; 69	'E'
      00006C 45                     697 	.db #0x45	; 69	'E'
      00006D 39                     698 	.db #0x39	; 57	'9'
      00006E 3C                     699 	.db #0x3c	; 60
      00006F 4A                     700 	.db #0x4a	; 74	'J'
      000070 49                     701 	.db #0x49	; 73	'I'
      000071 49                     702 	.db #0x49	; 73	'I'
      000072 30                     703 	.db #0x30	; 48	'0'
      000073 01                     704 	.db #0x01	; 1
      000074 71                     705 	.db #0x71	; 113	'q'
      000075 09                     706 	.db #0x09	; 9
      000076 05                     707 	.db #0x05	; 5
      000077 03                     708 	.db #0x03	; 3
      000078 36                     709 	.db #0x36	; 54	'6'
      000079 49                     710 	.db #0x49	; 73	'I'
      00007A 49                     711 	.db #0x49	; 73	'I'
      00007B 49                     712 	.db #0x49	; 73	'I'
      00007C 36                     713 	.db #0x36	; 54	'6'
      00007D 06                     714 	.db #0x06	; 6
      00007E 49                     715 	.db #0x49	; 73	'I'
      00007F 49                     716 	.db #0x49	; 73	'I'
      000080 29                     717 	.db #0x29	; 41
      000081 1E                     718 	.db #0x1e	; 30
      000082 00                     719 	.db #0x00	; 0
      000083 36                     720 	.db #0x36	; 54	'6'
      000084 36                     721 	.db #0x36	; 54	'6'
      000085 00                     722 	.db #0x00	; 0
      000086 00                     723 	.db #0x00	; 0
      000087 00                     724 	.db #0x00	; 0
      000088 56                     725 	.db #0x56	; 86	'V'
      000089 36                     726 	.db #0x36	; 54	'6'
      00008A 00                     727 	.db #0x00	; 0
      00008B 00                     728 	.db #0x00	; 0
      00008C 08                     729 	.db #0x08	; 8
      00008D 14                     730 	.db #0x14	; 20
      00008E 22                     731 	.db #0x22	; 34
      00008F 41                     732 	.db #0x41	; 65	'A'
      000090 00                     733 	.db #0x00	; 0
      000091 14                     734 	.db #0x14	; 20
      000092 14                     735 	.db #0x14	; 20
      000093 14                     736 	.db #0x14	; 20
      000094 14                     737 	.db #0x14	; 20
      000095 14                     738 	.db #0x14	; 20
      000096 00                     739 	.db #0x00	; 0
      000097 41                     740 	.db #0x41	; 65	'A'
      000098 22                     741 	.db #0x22	; 34
      000099 14                     742 	.db #0x14	; 20
      00009A 08                     743 	.db #0x08	; 8
      00009B 02                     744 	.db #0x02	; 2
      00009C 01                     745 	.db #0x01	; 1
      00009D 51                     746 	.db #0x51	; 81	'Q'
      00009E 09                     747 	.db #0x09	; 9
      00009F 06                     748 	.db #0x06	; 6
      0000A0 32                     749 	.db #0x32	; 50	'2'
      0000A1 49                     750 	.db #0x49	; 73	'I'
      0000A2 59                     751 	.db #0x59	; 89	'Y'
      0000A3 51                     752 	.db #0x51	; 81	'Q'
      0000A4 3E                     753 	.db #0x3e	; 62
      0000A5 7C                     754 	.db #0x7c	; 124
      0000A6 12                     755 	.db #0x12	; 18
      0000A7 11                     756 	.db #0x11	; 17
      0000A8 12                     757 	.db #0x12	; 18
      0000A9 7C                     758 	.db #0x7c	; 124
      0000AA 7F                     759 	.db #0x7f	; 127
      0000AB 49                     760 	.db #0x49	; 73	'I'
      0000AC 49                     761 	.db #0x49	; 73	'I'
      0000AD 49                     762 	.db #0x49	; 73	'I'
      0000AE 36                     763 	.db #0x36	; 54	'6'
      0000AF 3E                     764 	.db #0x3e	; 62
      0000B0 41                     765 	.db #0x41	; 65	'A'
      0000B1 41                     766 	.db #0x41	; 65	'A'
      0000B2 41                     767 	.db #0x41	; 65	'A'
      0000B3 22                     768 	.db #0x22	; 34
      0000B4 7F                     769 	.db #0x7f	; 127
      0000B5 41                     770 	.db #0x41	; 65	'A'
      0000B6 41                     771 	.db #0x41	; 65	'A'
      0000B7 22                     772 	.db #0x22	; 34
      0000B8 1C                     773 	.db #0x1c	; 28
      0000B9 7F                     774 	.db #0x7f	; 127
      0000BA 49                     775 	.db #0x49	; 73	'I'
      0000BB 49                     776 	.db #0x49	; 73	'I'
      0000BC 49                     777 	.db #0x49	; 73	'I'
      0000BD 41                     778 	.db #0x41	; 65	'A'
      0000BE 7F                     779 	.db #0x7f	; 127
      0000BF 09                     780 	.db #0x09	; 9
      0000C0 09                     781 	.db #0x09	; 9
      0000C1 09                     782 	.db #0x09	; 9
      0000C2 01                     783 	.db #0x01	; 1
      0000C3 3E                     784 	.db #0x3e	; 62
      0000C4 41                     785 	.db #0x41	; 65	'A'
      0000C5 49                     786 	.db #0x49	; 73	'I'
      0000C6 49                     787 	.db #0x49	; 73	'I'
      0000C7 7A                     788 	.db #0x7a	; 122	'z'
      0000C8 7F                     789 	.db #0x7f	; 127
      0000C9 08                     790 	.db #0x08	; 8
      0000CA 08                     791 	.db #0x08	; 8
      0000CB 08                     792 	.db #0x08	; 8
      0000CC 7F                     793 	.db #0x7f	; 127
      0000CD 00                     794 	.db #0x00	; 0
      0000CE 41                     795 	.db #0x41	; 65	'A'
      0000CF 7F                     796 	.db #0x7f	; 127
      0000D0 41                     797 	.db #0x41	; 65	'A'
      0000D1 00                     798 	.db #0x00	; 0
      0000D2 20                     799 	.db #0x20	; 32
      0000D3 40                     800 	.db #0x40	; 64
      0000D4 41                     801 	.db #0x41	; 65	'A'
      0000D5 3F                     802 	.db #0x3f	; 63
      0000D6 01                     803 	.db #0x01	; 1
      0000D7 7F                     804 	.db #0x7f	; 127
      0000D8 08                     805 	.db #0x08	; 8
      0000D9 14                     806 	.db #0x14	; 20
      0000DA 22                     807 	.db #0x22	; 34
      0000DB 41                     808 	.db #0x41	; 65	'A'
      0000DC 7F                     809 	.db #0x7f	; 127
      0000DD 40                     810 	.db #0x40	; 64
      0000DE 40                     811 	.db #0x40	; 64
      0000DF 40                     812 	.db #0x40	; 64
      0000E0 40                     813 	.db #0x40	; 64
      0000E1 7F                     814 	.db #0x7f	; 127
      0000E2 02                     815 	.db #0x02	; 2
      0000E3 0C                     816 	.db #0x0c	; 12
      0000E4 02                     817 	.db #0x02	; 2
      0000E5 7F                     818 	.db #0x7f	; 127
      0000E6 7F                     819 	.db #0x7f	; 127
      0000E7 04                     820 	.db #0x04	; 4
      0000E8 08                     821 	.db #0x08	; 8
      0000E9 10                     822 	.db #0x10	; 16
      0000EA 7F                     823 	.db #0x7f	; 127
      0000EB 3E                     824 	.db #0x3e	; 62
      0000EC 41                     825 	.db #0x41	; 65	'A'
      0000ED 41                     826 	.db #0x41	; 65	'A'
      0000EE 41                     827 	.db #0x41	; 65	'A'
      0000EF 3E                     828 	.db #0x3e	; 62
      0000F0 7F                     829 	.db #0x7f	; 127
      0000F1 09                     830 	.db #0x09	; 9
      0000F2 09                     831 	.db #0x09	; 9
      0000F3 09                     832 	.db #0x09	; 9
      0000F4 06                     833 	.db #0x06	; 6
      0000F5 3E                     834 	.db #0x3e	; 62
      0000F6 41                     835 	.db #0x41	; 65	'A'
      0000F7 51                     836 	.db #0x51	; 81	'Q'
      0000F8 21                     837 	.db #0x21	; 33
      0000F9 5E                     838 	.db #0x5e	; 94
      0000FA 7F                     839 	.db #0x7f	; 127
      0000FB 09                     840 	.db #0x09	; 9
      0000FC 19                     841 	.db #0x19	; 25
      0000FD 29                     842 	.db #0x29	; 41
      0000FE 46                     843 	.db #0x46	; 70	'F'
      0000FF 46                     844 	.db #0x46	; 70	'F'
      000100 49                     845 	.db #0x49	; 73	'I'
      000101 49                     846 	.db #0x49	; 73	'I'
      000102 49                     847 	.db #0x49	; 73	'I'
      000103 31                     848 	.db #0x31	; 49	'1'
      000104 01                     849 	.db #0x01	; 1
      000105 01                     850 	.db #0x01	; 1
      000106 7F                     851 	.db #0x7f	; 127
      000107 01                     852 	.db #0x01	; 1
      000108 01                     853 	.db #0x01	; 1
      000109 3F                     854 	.db #0x3f	; 63
      00010A 40                     855 	.db #0x40	; 64
      00010B 40                     856 	.db #0x40	; 64
      00010C 40                     857 	.db #0x40	; 64
      00010D 3F                     858 	.db #0x3f	; 63
      00010E 1F                     859 	.db #0x1f	; 31
      00010F 20                     860 	.db #0x20	; 32
      000110 40                     861 	.db #0x40	; 64
      000111 20                     862 	.db #0x20	; 32
      000112 1F                     863 	.db #0x1f	; 31
      000113 3F                     864 	.db #0x3f	; 63
      000114 40                     865 	.db #0x40	; 64
      000115 38                     866 	.db #0x38	; 56	'8'
      000116 40                     867 	.db #0x40	; 64
      000117 3F                     868 	.db #0x3f	; 63
      000118 63                     869 	.db #0x63	; 99	'c'
      000119 14                     870 	.db #0x14	; 20
      00011A 08                     871 	.db #0x08	; 8
      00011B 14                     872 	.db #0x14	; 20
      00011C 63                     873 	.db #0x63	; 99	'c'
      00011D 07                     874 	.db #0x07	; 7
      00011E 08                     875 	.db #0x08	; 8
      00011F 70                     876 	.db #0x70	; 112	'p'
      000120 08                     877 	.db #0x08	; 8
      000121 07                     878 	.db #0x07	; 7
      000122 61                     879 	.db #0x61	; 97	'a'
      000123 51                     880 	.db #0x51	; 81	'Q'
      000124 49                     881 	.db #0x49	; 73	'I'
      000125 45                     882 	.db #0x45	; 69	'E'
      000126 43                     883 	.db #0x43	; 67	'C'
      000127 00                     884 	.db #0x00	; 0
      000128 7F                     885 	.db #0x7f	; 127
      000129 41                     886 	.db #0x41	; 65	'A'
      00012A 41                     887 	.db #0x41	; 65	'A'
      00012B 00                     888 	.db #0x00	; 0
      00012C 55                     889 	.db #0x55	; 85	'U'
      00012D AA                     890 	.db #0xaa	; 170
      00012E 55                     891 	.db #0x55	; 85	'U'
      00012F AA                     892 	.db #0xaa	; 170
      000130 55                     893 	.db #0x55	; 85	'U'
      000131 00                     894 	.db #0x00	; 0
      000132 41                     895 	.db #0x41	; 65	'A'
      000133 41                     896 	.db #0x41	; 65	'A'
      000134 7F                     897 	.db #0x7f	; 127
      000135 00                     898 	.db #0x00	; 0
      000136 04                     899 	.db #0x04	; 4
      000137 02                     900 	.db #0x02	; 2
      000138 01                     901 	.db #0x01	; 1
      000139 02                     902 	.db #0x02	; 2
      00013A 04                     903 	.db #0x04	; 4
      00013B 40                     904 	.db #0x40	; 64
      00013C 40                     905 	.db #0x40	; 64
      00013D 40                     906 	.db #0x40	; 64
      00013E 40                     907 	.db #0x40	; 64
      00013F 40                     908 	.db #0x40	; 64
      000140 00                     909 	.db #0x00	; 0
      000141 03                     910 	.db #0x03	; 3
      000142 05                     911 	.db #0x05	; 5
      000143 00                     912 	.db #0x00	; 0
      000144 00                     913 	.db #0x00	; 0
      000145 20                     914 	.db #0x20	; 32
      000146 54                     915 	.db #0x54	; 84	'T'
      000147 54                     916 	.db #0x54	; 84	'T'
      000148 54                     917 	.db #0x54	; 84	'T'
      000149 78                     918 	.db #0x78	; 120	'x'
      00014A 7F                     919 	.db #0x7f	; 127
      00014B 48                     920 	.db #0x48	; 72	'H'
      00014C 44                     921 	.db #0x44	; 68	'D'
      00014D 44                     922 	.db #0x44	; 68	'D'
      00014E 38                     923 	.db #0x38	; 56	'8'
      00014F 38                     924 	.db #0x38	; 56	'8'
      000150 44                     925 	.db #0x44	; 68	'D'
      000151 44                     926 	.db #0x44	; 68	'D'
      000152 44                     927 	.db #0x44	; 68	'D'
      000153 20                     928 	.db #0x20	; 32
      000154 38                     929 	.db #0x38	; 56	'8'
      000155 44                     930 	.db #0x44	; 68	'D'
      000156 44                     931 	.db #0x44	; 68	'D'
      000157 48                     932 	.db #0x48	; 72	'H'
      000158 7F                     933 	.db #0x7f	; 127
      000159 38                     934 	.db #0x38	; 56	'8'
      00015A 54                     935 	.db #0x54	; 84	'T'
      00015B 54                     936 	.db #0x54	; 84	'T'
      00015C 54                     937 	.db #0x54	; 84	'T'
      00015D 18                     938 	.db #0x18	; 24
      00015E 08                     939 	.db #0x08	; 8
      00015F 7E                     940 	.db #0x7e	; 126
      000160 09                     941 	.db #0x09	; 9
      000161 01                     942 	.db #0x01	; 1
      000162 02                     943 	.db #0x02	; 2
      000163 18                     944 	.db #0x18	; 24
      000164 A4                     945 	.db #0xa4	; 164
      000165 A4                     946 	.db #0xa4	; 164
      000166 A4                     947 	.db #0xa4	; 164
      000167 7C                     948 	.db #0x7c	; 124
      000168 7F                     949 	.db #0x7f	; 127
      000169 08                     950 	.db #0x08	; 8
      00016A 04                     951 	.db #0x04	; 4
      00016B 04                     952 	.db #0x04	; 4
      00016C 78                     953 	.db #0x78	; 120	'x'
      00016D 00                     954 	.db #0x00	; 0
      00016E 44                     955 	.db #0x44	; 68	'D'
      00016F 7D                     956 	.db #0x7d	; 125
      000170 40                     957 	.db #0x40	; 64
      000171 00                     958 	.db #0x00	; 0
      000172 40                     959 	.db #0x40	; 64
      000173 80                     960 	.db #0x80	; 128
      000174 84                     961 	.db #0x84	; 132
      000175 7D                     962 	.db #0x7d	; 125
      000176 00                     963 	.db #0x00	; 0
      000177 7F                     964 	.db #0x7f	; 127
      000178 10                     965 	.db #0x10	; 16
      000179 28                     966 	.db #0x28	; 40
      00017A 44                     967 	.db #0x44	; 68	'D'
      00017B 00                     968 	.db #0x00	; 0
      00017C 00                     969 	.db #0x00	; 0
      00017D 41                     970 	.db #0x41	; 65	'A'
      00017E 7F                     971 	.db #0x7f	; 127
      00017F 40                     972 	.db #0x40	; 64
      000180 00                     973 	.db #0x00	; 0
      000181 7C                     974 	.db #0x7c	; 124
      000182 04                     975 	.db #0x04	; 4
      000183 18                     976 	.db #0x18	; 24
      000184 04                     977 	.db #0x04	; 4
      000185 78                     978 	.db #0x78	; 120	'x'
      000186 7C                     979 	.db #0x7c	; 124
      000187 08                     980 	.db #0x08	; 8
      000188 04                     981 	.db #0x04	; 4
      000189 04                     982 	.db #0x04	; 4
      00018A 78                     983 	.db #0x78	; 120	'x'
      00018B 38                     984 	.db #0x38	; 56	'8'
      00018C 44                     985 	.db #0x44	; 68	'D'
      00018D 44                     986 	.db #0x44	; 68	'D'
      00018E 44                     987 	.db #0x44	; 68	'D'
      00018F 38                     988 	.db #0x38	; 56	'8'
      000190 FC                     989 	.db #0xfc	; 252
      000191 24                     990 	.db #0x24	; 36
      000192 24                     991 	.db #0x24	; 36
      000193 24                     992 	.db #0x24	; 36
      000194 18                     993 	.db #0x18	; 24
      000195 18                     994 	.db #0x18	; 24
      000196 24                     995 	.db #0x24	; 36
      000197 24                     996 	.db #0x24	; 36
      000198 18                     997 	.db #0x18	; 24
      000199 FC                     998 	.db #0xfc	; 252
      00019A 7C                     999 	.db #0x7c	; 124
      00019B 08                    1000 	.db #0x08	; 8
      00019C 04                    1001 	.db #0x04	; 4
      00019D 04                    1002 	.db #0x04	; 4
      00019E 08                    1003 	.db #0x08	; 8
      00019F 48                    1004 	.db #0x48	; 72	'H'
      0001A0 54                    1005 	.db #0x54	; 84	'T'
      0001A1 54                    1006 	.db #0x54	; 84	'T'
      0001A2 54                    1007 	.db #0x54	; 84	'T'
      0001A3 20                    1008 	.db #0x20	; 32
      0001A4 04                    1009 	.db #0x04	; 4
      0001A5 3F                    1010 	.db #0x3f	; 63
      0001A6 44                    1011 	.db #0x44	; 68	'D'
      0001A7 40                    1012 	.db #0x40	; 64
      0001A8 20                    1013 	.db #0x20	; 32
      0001A9 3C                    1014 	.db #0x3c	; 60
      0001AA 40                    1015 	.db #0x40	; 64
      0001AB 40                    1016 	.db #0x40	; 64
      0001AC 20                    1017 	.db #0x20	; 32
      0001AD 7C                    1018 	.db #0x7c	; 124
      0001AE 1C                    1019 	.db #0x1c	; 28
      0001AF 20                    1020 	.db #0x20	; 32
      0001B0 40                    1021 	.db #0x40	; 64
      0001B1 20                    1022 	.db #0x20	; 32
      0001B2 1C                    1023 	.db #0x1c	; 28
      0001B3 3C                    1024 	.db #0x3c	; 60
      0001B4 40                    1025 	.db #0x40	; 64
      0001B5 30                    1026 	.db #0x30	; 48	'0'
      0001B6 40                    1027 	.db #0x40	; 64
      0001B7 3C                    1028 	.db #0x3c	; 60
      0001B8 44                    1029 	.db #0x44	; 68	'D'
      0001B9 28                    1030 	.db #0x28	; 40
      0001BA 10                    1031 	.db #0x10	; 16
      0001BB 28                    1032 	.db #0x28	; 40
      0001BC 44                    1033 	.db #0x44	; 68	'D'
      0001BD 1C                    1034 	.db #0x1c	; 28
      0001BE A0                    1035 	.db #0xa0	; 160
      0001BF A0                    1036 	.db #0xa0	; 160
      0001C0 A0                    1037 	.db #0xa0	; 160
      0001C1 7C                    1038 	.db #0x7c	; 124
      0001C2 44                    1039 	.db #0x44	; 68	'D'
      0001C3 64                    1040 	.db #0x64	; 100	'd'
      0001C4 54                    1041 	.db #0x54	; 84	'T'
      0001C5 4C                    1042 	.db #0x4c	; 76	'L'
      0001C6 44                    1043 	.db #0x44	; 68	'D'
      0001C7 00                    1044 	.db #0x00	; 0
      0001C8 10                    1045 	.db #0x10	; 16
      0001C9 7C                    1046 	.db #0x7c	; 124
      0001CA 82                    1047 	.db #0x82	; 130
      0001CB 00                    1048 	.db #0x00	; 0
      0001CC 00                    1049 	.db #0x00	; 0
      0001CD 00                    1050 	.db #0x00	; 0
      0001CE FF                    1051 	.db #0xff	; 255
      0001CF 00                    1052 	.db #0x00	; 0
      0001D0 00                    1053 	.db #0x00	; 0
      0001D1 00                    1054 	.db #0x00	; 0
      0001D2 82                    1055 	.db #0x82	; 130
      0001D3 7C                    1056 	.db #0x7c	; 124
      0001D4 10                    1057 	.db #0x10	; 16
      0001D5 00                    1058 	.db #0x00	; 0
      0001D6 00                    1059 	.db #0x00	; 0
      0001D7 06                    1060 	.db #0x06	; 6
      0001D8 09                    1061 	.db #0x09	; 9
      0001D9 09                    1062 	.db #0x09	; 9
      0001DA 06                    1063 	.db #0x06	; 6
                                   1064 	.area XINIT   (CODE)
                                   1065 	.area CABS    (ABS,CODE)
